<?xml version="1.0" encoding="UTF-8"?>
<testsuite xmlns:xsi="http://www.w3.org/2001/XMLSchema-instance" xsi:noNamespaceSchemaLocation="https://maven.apache.org/surefire/maven-surefire-plugin/xsd/surefire-test-report-3.0.xsd" version="3.0" name="com.placeguess.PlaceGuessApplicationTests" time="9.599" tests="1" errors="0" skipped="0" failures="0">
  <properties>
[...]
</properties>
  <testcase name="contextLoads" classname="com.placeguess.PlaceGuessApplicationTests" time="0.732">
    <system-out><![CDATA[22:14:37.573 [main] INFO org.springframework.test.context.support.AnnotationConfigContextLoaderUtils -- Could not detect default configuration classes for test class [com.placeguess.PlaceGuessApplicationTests]: PlaceGuessApplicationTests does not declare any static, non-private, non-final, nested classes annotated with @Configuration.
22:14:37.730 [main] INFO org.springframework.boot.test.context.SpringBootTestContextBootstrapper -- Found @SpringBootConfiguration com.placeguess.PlaceGuessApplication for test class com.placeguess.PlaceGuessApplicationTests

  .   ____          _            __ _ _
 /\\ / ___'_ __ _ _(_)_ __  __ _ \ \ \ \
( ( )\___ | '_ | '_| | '_ \/ _` | \ \ \ \
 \\/  ___)| |_)| | | | | || (_| |  ) ) ) )
  '  |____| .__|_| |_|_| |_\__, | / / / /
 =========|_|==============|___/=/_/_/_/
 :: Spring Boot ::                (v3.2.4)

2026-05-18T22:14:38.244+05:30  INFO 28736 --- [placeguess] [           main] c.placeguess.PlaceGuessApplicationTests  : Starting PlaceGuessApplicationTests using Java 17.0.11 with PID 28736 (started by prati in C:\Users\prati\Downloads\placeguess)
2026-05-18T22:14:38.245+05:30  INFO 28736 --- [placeguess] [           main] c.placeguess.PlaceGuessApplicationTests  : The following 1 profile is active: "test"
2026-05-18T22:14:39.630+05:30  INFO 28736 --- [placeguess] [           main] .s.d.r.c.RepositoryConfigurationDelegate : Multiple Spring Data modules found, entering strict repository configuration mode
2026-05-18T22:14:39.633+05:30  INFO 28736 --- [placeguess] [           main] .s.d.r.c.RepositoryConfigurationDelegate : Bootstrapping Spring Data JPA repositories in DEFAULT mode.
2026-05-18T22:14:39.966+05:30  INFO 28736 --- [placeguess] [           main] .s.d.r.c.RepositoryConfigurationDelegate : Finished Spring Data repository scanning in 320 ms. Found 3 JPA repository interfaces.
2026-05-18T22:14:40.945+05:30  INFO 28736 --- [placeguess] [           main] o.hibernate.jpa.internal.util.LogHelper  : HHH000204: Processing PersistenceUnitInfo [name: default]
2026-05-18T22:14:41.091+05:30  INFO 28736 --- [placeguess] [           main] org.hibernate.Version                    : HHH000412: Hibernate ORM core version 6.4.4.Final
2026-05-18T22:14:41.204+05:30  INFO 28736 --- [placeguess] [           main] o.h.c.internal.RegionFactoryInitiator    : HHH000026: Second-level cache disabled
2026-05-18T22:14:41.746+05:30  INFO 28736 --- [placeguess] [           main] o.s.o.j.p.SpringPersistenceUnitInfo      : No LoadTimeWeaver setup: ignoring JPA class transformer
2026-05-18T22:14:41.798+05:30  INFO 28736 --- [placeguess] [           main] com.zaxxer.hikari.HikariDataSource       : HikariPool-1 - Starting...
2026-05-18T22:14:42.119+05:30  INFO 28736 --- [placeguess] [           main] com.zaxxer.hikari.pool.HikariPool        : HikariPool-1 - Added connection conn0: url=jdbc:h2:mem:testdb user=SA
2026-05-18T22:14:42.122+05:30  INFO 28736 --- [placeguess] [           main] com.zaxxer.hikari.HikariDataSource       : HikariPool-1 - Start completed.
2026-05-18T22:14:42.180+05:30  WARN 28736 --- [placeguess] [           main] org.hibernate.orm.deprecation            : HHH90000025: H2Dialect does not need to be specified explicitly using 'hibernate.dialect' (remove the property setting and it will be selected by default)
2026-05-18T22:14:43.376+05:30  INFO 28736 --- [placeguess] [           main] o.h.e.t.j.p.i.JtaPlatformInitiator       : HHH000489: No JTA platform available (set 'hibernate.transaction.jta.platform' to enable JTA platform integration)
2026-05-18T22:14:43.431+05:30  INFO 28736 --- [placeguess] [           main] j.LocalContainerEntityManagerFactoryBean : Initialized JPA EntityManagerFactory for persistence unit 'default'
2026-05-18T22:14:43.893+05:30  INFO 28736 --- [placeguess] [           main] o.s.d.j.r.query.QueryEnhancerFactory     : Hibernate is in classpath; If applicable, HQL parser will be used.
2026-05-18T22:14:44.956+05:30  WARN 28736 --- [placeguess] [           main] JpaBaseConfiguration$JpaWebConfiguration : spring.jpa.open-in-view is enabled by default. Therefore, database queries may be performed during view rendering. Explicitly configure spring.jpa.open-in-view to disable this warning
2026-05-18T22:14:45.513+05:30  INFO 28736 --- [placeguess] [           main] o.s.s.web.DefaultSecurityFilterChain     : Will secure any request with [org.springframework.security.web.session.DisableEncodeUrlFilter@23ac164d, org.springframework.security.web.context.request.async.WebAsyncManagerIntegrationFilter@4057babc, org.springframework.security.web.context.SecurityContextHolderFilter@5fe1b8d2, org.springframework.security.web.header.HeaderWriterFilter@aba4a33, org.springframework.web.filter.CorsFilter@274de4bc, org.springframework.security.web.authentication.logout.LogoutFilter@2c2f4769, com.placeguess.security.JwtAuthenticationFilter@6d92bfaf, org.springframework.security.web.savedrequest.RequestCacheAwareFilter@1af6cd73, org.springframework.security.web.servletapi.SecurityContextHolderAwareRequestFilter@50cfe725, org.springframework.security.web.authentication.AnonymousAuthenticationFilter@7bbc3b6e, org.springframework.security.web.session.SessionManagementFilter@15c27b65, org.springframework.security.web.access.ExceptionTranslationFilter@28e2d3ed, org.springframework.security.web.access.intercept.AuthorizationFilter@2b991034]
2026-05-18T22:14:46.196+05:30  INFO 28736 --- [placeguess] [           main] c.placeguess.PlaceGuessApplicationTests  : Started PlaceGuessApplicationTests in 8.252 seconds (process running for 9.584)
]]></system-out>
  </testcase>
</testsuite>